2025-06-13 15:29:07 - No admin found for username: admin@saththarfeeds.com
2025-06-13 15:29:14 - No admin found for username: admin@saththarfeeds.com
2025-06-13 15:32:08 - Password mismatch for username: admin, provided: admin123, stored: $2y$10$4rhtazfG1AvES1RWIbpUk.o7CvofNgfSmyNr8Lt/g4nD8XeV8DyJG
2025-06-13 15:32:09 - Password mismatch for username: admin, provided: admin123, stored: $2y$10$4rhtazfG1AvES1RWIbpUk.o7CvofNgfSmyNr8Lt/g4nD8XeV8DyJG
2025-06-13 15:32:15 - Password mismatch for username: admin, provided: admin123, stored: $2y$10$4rhtazfG1AvES1RWIbpUk.o7CvofNgfSmyNr8Lt/g4nD8XeV8DyJG
2025-06-16 10:08:51 - Password mismatch for username: admin, provided: ADMIN123, stored: admin123
2025-06-16 11:27:40 - Password mismatch for username: admin, provided: ADMIN123, stored: admin123
2025-06-16 11:27:45 - Password mismatch for username: admin, provided: ADMIN123, stored: admin123
2025-06-16 11:54:57 - Password mismatch for username: admin, provided: ADMIN123, stored: admin123
2025-07-13 08:20:02 - Password mismatch for username: admin, provided: ad,n12345, stored: admin123
2025-07-13 08:20:07 - Password mismatch for username: admin, provided: 12345, stored: admin123
2025-07-13 08:20:15 - No admin found for username: admin@saththarfeeds.com
2025-07-13 08:20:39 - Password mismatch for username: admin, provided: admin@123, stored: admin123
2025-07-13 08:21:32 - Password mismatch for username: admin, provided: admin124, stored: admin123
2025-07-14 10:23:15 - Password mismatch for username: admin, provided: admin12345, stored: admin123
2025-07-14 10:53:44 - Password mismatch for username: admin, provided: 12345, stored: admin123
2025-07-17 11:14:50 - Password mismatch for username: admin, provided: admin123\, stored: admin123
2025-07-17 11:14:55 - Password mismatch for username: admin, provided: admin123\, stored: admin123
2025-07-17 11:14:56 - Password mismatch for username: admin, provided: admin123\, stored: admin123
2025-07-18 21:45:49 - No admin found for username: aashik@gmail.com
2025-07-19 16:37:00 - No admin found for username: bas@gmail.com
2025-07-19 16:37:03 - No admin found for username: bas@gmail.com
2025-07-19 16:37:04 - No admin found for username: bas@gmail.com
2025-07-22 19:07:00 - No admin found for username: bas@gmail.com
